<?xml version="1.0" encoding="UTF-8"?>
<testsuite xmlns:xsi="http://www.w3.org/2001/XMLSchema-instance" xsi:noNamespaceSchemaLocation="https://maven.apache.org/surefire/maven-surefire-plugin/xsd/surefire-test-report.xsd" version="3.0.2" name="com.protify.portfolio.valuation.AnalyticsServiceTest" time="0.112" tests="14" errors="0" skipped="0" failures="0">
  <properties>
[...]
</properties>
  <testcase name="shouldReturnNullSimpleReturnWhenTheWindowOpenedAtZero" classname="com.protify.portfolio.valuation.AnalyticsServiceTest" time="0.007"/>
  <testcase name="shouldAnnualiseOverTheActualElapsedDayCount" classname="com.protify.portfolio.valuation.AnalyticsServiceTest" time="0.01"/>
  <testcase name="shouldReturnAnEmptyResultForAPortfolioWithNoPoints" classname="com.protify.portfolio.valuation.AnalyticsServiceTest" time="0.003"/>
  <testcase name="shouldAgreeWithTheSimpleReturnWhenThereAreNoCashFlows" classname="com.protify.portfolio.valuation.AnalyticsServiceTest" time="0.006"/>
  <testcase name="shouldSkipTheLinkWhenThePreviousDayClosedAtZero" classname="com.protify.portfolio.valuation.AnalyticsServiceTest" time="0.013"/>
  <testcase name="shouldReturnNullVolatilityForFewerThanTwoDailyReturns" classname="com.protify.portfolio.valuation.AnalyticsServiceTest" time="0.004"/>
  <testcase name="shouldReturnZeroForASingleDayPeriod" classname="com.protify.portfolio.valuation.AnalyticsServiceTest" time="0.002"/>
  <testcase name="shouldNotCreditADepositOnDayOneAsReturn" classname="com.protify.portfolio.valuation.AnalyticsServiceTest" time="0.002"/>
  <testcase name="shouldAnnualiseToThePeriodReturnOverExactlyOneYear" classname="com.protify.portfolio.valuation.AnalyticsServiceTest" time="0.016"/>
  <testcase name="shouldMeasureDrawdownOnTheReturnIndexNotOnRawValue" classname="com.protify.portfolio.valuation.AnalyticsServiceTest" time="0.007"/>
  <testcase name="shouldChainLinkSubPeriodReturnsAcrossAMidPeriodDeposit" classname="com.protify.portfolio.valuation.AnalyticsServiceTest" time="0.01"/>
  <testcase name="shouldAnnualiseTheStandardDeviationOfDailyReturns" classname="com.protify.portfolio.valuation.AnalyticsServiceTest" time="0.009"/>
  <testcase name="shouldReportTheCurrencyAndWindowTheSeriesResolved" classname="com.protify.portfolio.valuation.AnalyticsServiceTest" time="0.013"/>
  <testcase name="shouldTreatOnlyDepositsAndWithdrawalsAsExternalFlows" classname="com.protify.portfolio.valuation.AnalyticsServiceTest" time="0.002"/>
</testsuite>